Traceback (most recent call last):
  File "C:\Users\adelapuente\Desktop\jupBook\.venv\lib\site-packages\jupyter_cache\executors\utils.py", line 51, in single_nb_execution
    executenb(
  File "C:\Users\adelapuente\Desktop\jupBook\.venv\lib\site-packages\nbclient\client.py", line 1204, in execute
    return NotebookClient(nb=nb, resources=resources, km=km, **kwargs).execute()
  File "C:\Users\adelapuente\Desktop\jupBook\.venv\lib\site-packages\nbclient\util.py", line 84, in wrapped
    return just_run(coro(*args, **kwargs))
  File "C:\Users\adelapuente\Desktop\jupBook\.venv\lib\site-packages\nbclient\util.py", line 62, in just_run
    return loop.run_until_complete(coro)
  File "C:\Users\adelapuente\AppData\Local\Programs\Python\Python310\lib\asyncio\base_events.py", line 641, in run_until_complete
    return future.result()
  File "C:\Users\adelapuente\Desktop\jupBook\.venv\lib\site-packages\nbclient\client.py", line 663, in async_execute
    await self.async_execute_cell(
  File "C:\Users\adelapuente\Desktop\jupBook\.venv\lib\site-packages\nbclient\client.py", line 965, in async_execute_cell
    await self._check_raise_for_error(cell, cell_index, exec_reply)
  File "C:\Users\adelapuente\Desktop\jupBook\.venv\lib\site-packages\nbclient\client.py", line 862, in _check_raise_for_error
    raise CellExecutionError.from_cell_and_msg(cell, exec_reply_content)
nbclient.exceptions.CellExecutionError: An error occurred while executing the following cell:
------------------
import numpy as np

def rect(x, B):
    """
    create a rectangle function
    returns a numpy array that is 1 if |x| < w and 0 if |x| > w
    B is the rectangle width centered at 0
    x is the number of points in the array
    """
    
    B = int(B)
    x = int(x)
    
    high = np.ones(B)
    low1 = np.zeros(int(x/2 - B/2))    
    x1 = np.append(low1, high)
    rect = np.append(x1, low1)
    
    if x > len(rect):
        rect = np.append(rect, 0)
    elif x < len(rect):
        rect = rect[:-1]

    return rect
------------------

[1;31m---------------------------------------------------------------------------[0m
[1;31mModuleNotFoundError[0m                       Traceback (most recent call last)
Input [1;32mIn [1][0m, in [0;36m<cell line: 1>[1;34m()[0m
[1;32m----> 1[0m [38;5;28;01mimport[39;00m [38;5;21;01mnumpy[39;00m [38;5;28;01mas[39;00m [38;5;21;01mnp[39;00m
[0;32m      3[0m [38;5;28;01mdef[39;00m [38;5;21mrect[39m(x, B):
[0;32m      4[0m     [38;5;124;03m"""[39;00m
[0;32m      5[0m [38;5;124;03m    create a rectangle function[39;00m
[0;32m      6[0m [38;5;124;03m    returns a numpy array that is 1 if |x| < w and 0 if |x| > w[39;00m
[0;32m      7[0m [38;5;124;03m    B is the rectangle width centered at 0[39;00m
[0;32m      8[0m [38;5;124;03m    x is the number of points in the array[39;00m
[0;32m      9[0m [38;5;124;03m    """[39;00m

[1;31mModuleNotFoundError[0m: No module named 'numpy'
ModuleNotFoundError: No module named 'numpy'

